# JRE version: OpenJDK Runtime Environment Temurin-21.0.11+10 (21.0.11+10) (build 21.0.11+10-LTS)
# Java VM: OpenJDK 64-Bit Server VM Temurin-21.0.11+10 (21.0.11+10-LTS, mixed mode, sharing, tiered, compressed oops, compressed class ptrs, parallel gc, windows-amd64)
GC Precious Log:
 CardTable entry size: 512
 CPUs: 12 total, 12 available
 Memory: 23933M
 Large Page Support: Disabled
 NUMA Support: Disabled
 Compressed Oops: Enabled (32-bit)
 Alignments: Space 512K, Generation 512K, Heap 2M
 Heap Min Capacity: 100M
 Heap Initial Capacity: 100M
 Heap Max Capacity: 2G
 Pre-touch: Disabled
 Parallel Workers: 10
Heap:
 PSYoungGen      total 2560K, used 1914K [0x00000000d5580000, 0x00000000d5900000, 0x0000000100000000)
  eden space 2048K, 77% used [0x00000000d5580000,0x00000000d570eb80,0x00000000d5780000)
  from space 512K, 62% used [0x00000000d5880000,0x00000000d58d0000,0x00000000d5900000)
  to   space 512K, 0% used [0x00000000d5800000,0x00000000d5800000,0x00000000d5880000)
 ParOldGen       total 1004032K, used 326088K [0x0000000080000000, 0x00000000bd480000, 0x00000000d5580000)
  object space 1004032K, 32% used [0x0000000080000000,0x0000000093e72240,0x00000000bd480000)
 Metaspace       used 88415K, committed 90176K, reserved 1179648K
  class space    used 9289K, committed 10048K, reserved 1048576K
GC Heap History (20 events):
Event: 12088.515 GC heap before
{Heap before GC invocations=1455 (full 4):
 PSYoungGen      total 2560K, used 2336K [0x00000000d5580000, 0x00000000d5900000, 0x0000000100000000)
  eden space 2048K, 100% used [0x00000000d5580000,0x00000000d5780000,0x00000000d5780000)
  from space 512K, 56% used [0x00000000d5880000,0x00000000d58c8000,0x00000000d5900000)
  to   space 512K, 0% used [0x00000000d5800000,0x00000000d5800000,0x00000000d5880000)
 ParOldGen       total 1004032K, used 294208K [0x0000000080000000, 0x00000000bd480000, 0x00000000d5580000)
  object space 1004032K, 29% used [0x0000000080000000,0x0000000091f503b0,0x00000000bd480000)
 Metaspace       used 88292K, committed 89920K, reserved 1179648K
  class space    used 9287K, committed 9984K, reserved 1048576K
}
Event: 12088.516 GC heap after
{Heap after GC invocations=1455 (full 4):
 PSYoungGen      total 2560K, used 320K [0x00000000d5580000, 0x00000000d5900000, 0x0000000100000000)
  eden space 2048K, 0% used [0x00000000d5580000,0x00000000d5580000,0x00000000d5780000)
  from space 512K, 62% used [0x00000000d5800000,0x00000000d5850000,0x00000000d5880000)
  to   space 512K, 0% used [0x00000000d5880000,0x00000000d5880000,0x00000000d5900000)
 ParOldGen       total 1004032K, used 294240K [0x0000000080000000, 0x00000000bd480000, 0x00000000d5580000)
  object space 1004032K, 29% used [0x0000000080000000,0x0000000091f583b0,0x00000000bd480000)
 Metaspace       used 88292K, committed 89920K, reserved 1179648K
  class space    used 9287K, committed 9984K, reserved 1048576K
}
Event: 12088.525 GC heap before
{Heap before GC invocations=1456 (full 4):
 PSYoungGen      total 2560K, used 2368K [0x00000000d5580000, 0x00000000d5900000, 0x0000000100000000)
  eden space 2048K, 100% used [0x00000000d5580000,0x00000000d5780000,0x00000000d5780000)
  from space 512K, 62% used [0x00000000d5800000,0x00000000d5850000,0x00000000d5880000)
  to   space 512K, 0% used [0x00000000d5880000,0x00000000d5880000,0x00000000d5900000)
 ParOldGen       total 1004032K, used 294240K [0x0000000080000000, 0x00000000bd480000, 0x00000000d5580000)
  object space 1004032K, 29% used [0x0000000080000000,0x0000000091f583b0,0x00000000bd480000)
 Metaspace       used 88295K, committed 89920K, reserved 1179648K
  class space    used 9287K, committed 9984K, reserved 1048576K
}
Event: 12088.526 GC heap after
{Heap after GC invocations=1456 (full 4):
 PSYoungGen      total 2560K, used 448K [0x00000000d5580000, 0x00000000d5900000, 0x0000000100000000)
  eden space 2048K, 0% used [0x00000000d5580000,0x00000000d5580000,0x00000000d5780000)
  from space 512K, 87% used [0x00000000d5880000,0x00000000d58f0000,0x00000000d5900000)
  to   space 512K, 0% used [0x00000000d5800000,0x00000000d5800000,0x00000000d5880000)
 ParOldGen       total 1004032K, used 294376K [0x0000000080000000, 0x00000000bd480000, 0x00000000d5580000)
  object space 1004032K, 29% used [0x0000000080000000,0x0000000091f7a3b0,0x00000000bd480000)
 Metaspace       used 88295K, committed 89920K, reserved 1179648K
  class space    used 9287K, committed 9984K, reserved 1048576K
}
Event: 12088.533 GC heap before
{Heap before GC invocations=1457 (full 4):
 PSYoungGen      total 2560K, used 2496K [0x00000000d5580000, 0x00000000d5900000, 0x0000000100000000)
  eden space 2048K, 100% used [0x00000000d5580000,0x00000000d5780000,0x00000000d5780000)
  from space 512K, 87% used [0x00000000d5880000,0x00000000d58f0000,0x00000000d5900000)
  to   space 512K, 0% used [0x00000000d5800000,0x00000000d5800000,0x00000000d5880000)
 ParOldGen       total 1004032K, used 294376K [0x0000000080000000, 0x00000000bd480000, 0x00000000d5580000)
  object space 1004032K, 29% used [0x0000000080000000,0x0000000091f7a3b0,0x00000000bd480000)
 Metaspace       used 88302K, committed 89920K, reserved 1179648K
  class space    used 9287K, committed 9984K, reserved 1048576K
}
Event: 12088.534 GC heap after
{Heap after GC invocations=1457 (full 4):
 PSYoungGen      total 2560K, used 256K [0x00000000d5580000, 0x00000000d5900000, 0x0000000100000000)
  eden space 2048K, 0% used [0x00000000d5580000,0x00000000d5580000,0x00000000d5780000)
  from space 512K, 50% used [0x00000000d5800000,0x00000000d5840000,0x00000000d5880000)
  to   space 512K, 0% used [0x00000000d5880000,0x00000000d5880000,0x00000000d5900000)
 ParOldGen       total 1004032K, used 294496K [0x0000000080000000, 0x00000000bd480000, 0x00000000d5580000)
  object space 1004032K, 29% used [0x0000000080000000,0x0000000091f983b0,0x00000000bd480000)
 Metaspace       used 88302K, committed 89920K, reserved 1179648K
  class space    used 9287K, committed 9984K, reserved 1048576K
}
Event: 12088.549 GC heap before
{Heap before GC invocations=1458 (full 4):
 PSYoungGen      total 2560K, used 2304K [0x00000000d5580000, 0x00000000d5900000, 0x0000000100000000)
  eden space 2048K, 100% used [0x00000000d5580000,0x00000000d5780000,0x00000000d5780000)
  from space 512K, 50% used [0x00000000d5800000,0x00000000d5840000,0x00000000d5880000)
  to   space 512K, 0% used [0x00000000d5880000,0x00000000d5880000,0x00000000d5900000)
 ParOldGen       total 1004032K, used 294496K [0x0000000080000000, 0x00000000bd480000, 0x00000000d5580000)
  object space 1004032K, 29% used [0x0000000080000000,0x0000000091f983b0,0x00000000bd480000)
 Metaspace       used 88313K, committed 89920K, reserved 1179648K
  class space    used 9287K, committed 9984K, reserved 1048576K
}
Event: 12088.550 GC heap after
{Heap after GC invocations=1458 (full 4):
 PSYoungGen      total 2560K, used 224K [0x00000000d5580000, 0x00000000d5900000, 0x0000000100000000)
  eden space 2048K, 0% used [0x00000000d5580000,0x00000000d5580000,0x00000000d5780000)
  from space 512K, 43% used [0x00000000d5880000,0x00000000d58b8000,0x00000000d5900000)
  to   space 512K, 0% used [0x00000000d5800000,0x00000000d5800000,0x00000000d5880000)
 ParOldGen       total 1004032K, used 294576K [0x0000000080000000, 0x00000000bd480000, 0x00000000d5580000)
  object space 1004032K, 29% used [0x0000000080000000,0x0000000091fac3b0,0x00000000bd480000)
 Metaspace       used 88313K, committed 89920K, reserved 1179648K
  class space    used 9287K, committed 9984K, reserved 1048576K
}
Event: 12088.566 GC heap before
{Heap before GC invocations=1459 (full 4):
 PSYoungGen      total 2560K, used 2272K [0x00000000d5580000, 0x00000000d5900000, 0x0000000100000000)
  eden space 2048K, 100% used [0x00000000d5580000,0x00000000d5780000,0x00000000d5780000)
  from space 512K, 43% used [0x00000000d5880000,0x00000000d58b8000,0x00000000d5900000)
  to   space 512K, 0% used [0x00000000d5800000,0x00000000d5800000,0x00000000d5880000)
 ParOldGen       total 1004032K, used 294576K [0x0000000080000000, 0x00000000bd480000, 0x00000000d5580000)
  object space 1004032K, 29% used [0x0000000080000000,0x0000000091fac3b0,0x00000000bd480000)
 Metaspace       used 88330K, committed 89984K, reserved 1179648K
  class space    used 9287K, committed 9984K, reserved 1048576K
}
Event: 12088.567 GC heap after
{Heap after GC invocations=1459 (full 4):
 PSYoungGen      total 2560K, used 288K [0x00000000d5580000, 0x00000000d5900000, 0x0000000100000000)
  eden space 2048K, 0% used [0x00000000d5580000,0x00000000d5580000,0x00000000d5780000)
  from space 512K, 56% used [0x00000000d5800000,0x00000000d5848000,0x00000000d5880000)
  to   space 512K, 0% used [0x00000000d5880000,0x00000000d5880000,0x00000000d5900000)
 ParOldGen       total 1004032K, used 294696K [0x0000000080000000, 0x00000000bd480000, 0x00000000d5580000)
  object space 1004032K, 29% used [0x0000000080000000,0x0000000091fca3b0,0x00000000bd480000)
 Metaspace       used 88330K, committed 89984K, reserved 1179648K
  class space    used 9287K, committed 9984K, reserved 1048576K
}
Event: 12088.579 GC heap before
{Heap before GC invocations=1460 (full 4):
 PSYoungGen      total 2560K, used 2336K [0x00000000d5580000, 0x00000000d5900000, 0x0000000100000000)
  eden space 2048K, 100% used [0x00000000d5580000,0x00000000d5780000,0x00000000d5780000)
  from space 512K, 56% used [0x00000000d5800000,0x00000000d5848000,0x00000000d5880000)
  to   space 512K, 0% used [0x00000000d5880000,0x00000000d5880000,0x00000000d5900000)
 ParOldGen       total 1004032K, used 294696K [0x0000000080000000, 0x00000000bd480000, 0x00000000d5580000)
  object space 1004032K, 29% used [0x0000000080000000,0x0000000091fca3b0,0x00000000bd480000)
 Metaspace       used 88339K, committed 89984K, reserved 1179648K
  class space    used 9287K, committed 9984K, reserved 1048576K
}
Event: 12088.580 GC heap after
{Heap after GC invocations=1460 (full 4):
 PSYoungGen      total 2560K, used 352K [0x00000000d5580000, 0x00000000d5900000, 0x0000000100000000)
  eden space 2048K, 0% used [0x00000000d5580000,0x00000000d5580000,0x00000000d5780000)
  from space 512K, 68% used [0x00000000d5880000,0x00000000d58d8000,0x00000000d5900000)
  to   space 512K, 0% used [0x00000000d5800000,0x00000000d5800000,0x00000000d5880000)
 ParOldGen       total 1004032K, used 294776K [0x0000000080000000, 0x00000000bd480000, 0x00000000d5580000)
  object space 1004032K, 29% used [0x0000000080000000,0x0000000091fde3b0,0x00000000bd480000)
 Metaspace       used 88339K, committed 89984K, reserved 1179648K
  class space    used 9287K, committed 9984K, reserved 1048576K
}
Event: 12089.173 GC heap before
{Heap before GC invocations=1461 (full 4):
 PSYoungGen      total 2560K, used 2399K [0x00000000d5580000, 0x00000000d5900000, 0x0000000100000000)
  eden space 2048K, 99% used [0x00000000d5580000,0x00000000d577ff68,0x00000000d5780000)
  from space 512K, 68% used [0x00000000d5880000,0x00000000d58d8000,0x00000000d5900000)
  to   space 512K, 0% used [0x00000000d5800000,0x00000000d5800000,0x00000000d5880000)
 ParOldGen       total 1004032K, used 294776K [0x0000000080000000, 0x00000000bd480000, 0x00000000d5580000)
  object space 1004032K, 29% used [0x0000000080000000,0x0000000091fde3b0,0x00000000bd480000)
 Metaspace       used 88378K, committed 89984K, reserved 1179648K
  class space    used 9288K, committed 9984K, reserved 1048576K
}
Event: 12089.174 GC heap after
{Heap after GC invocations=1461 (full 4):
 PSYoungGen      total 2560K, used 384K [0x00000000d5580000, 0x00000000d5900000, 0x0000000100000000)
  eden space 2048K, 0% used [0x00000000d5580000,0x00000000d5580000,0x00000000d5780000)
  from space 512K, 75% used [0x00000000d5800000,0x00000000d5860000,0x00000000d5880000)
  to   space 512K, 0% used [0x00000000d5880000,0x00000000d5880000,0x00000000d5900000)
 ParOldGen       total 1004032K, used 294928K [0x0000000080000000, 0x00000000bd480000, 0x00000000d5580000)
  object space 1004032K, 29% used [0x0000000080000000,0x00000000920043b0,0x00000000bd480000)
 Metaspace       used 88378K, committed 89984K, reserved 1179648K
  class space    used 9288K, committed 9984K, reserved 1048576K
}
Event: 13290.866 GC heap before
{Heap before GC invocations=1462 (full 4):
 PSYoungGen      total 2560K, used 2432K [0x00000000d5580000, 0x00000000d5900000, 0x0000000100000000)
  eden space 2048K, 100% used [0x00000000d5580000,0x00000000d5780000,0x00000000d5780000)
  from space 512K, 75% used [0x00000000d5800000,0x00000000d5860000,0x00000000d5880000)
  to   space 512K, 0% used [0x00000000d5880000,0x00000000d5880000,0x00000000d5900000)
 ParOldGen       total 1004032K, used 294928K [0x0000000080000000, 0x00000000bd480000, 0x00000000d5580000)
  object space 1004032K, 29% used [0x0000000080000000,0x00000000920043b0,0x00000000bd480000)
 Metaspace       used 88389K, committed 90112K, reserved 1179648K
  class space    used 9289K, committed 10048K, reserved 1048576K
}
Event: 13290.869 GC heap after
{Heap after GC invocations=1462 (full 4):
 PSYoungGen      total 2560K, used 320K [0x00000000d5580000, 0x00000000d5900000, 0x0000000100000000)
  eden space 2048K, 0% used [0x00000000d5580000,0x00000000d5580000,0x00000000d5780000)
  from space 512K, 62% used [0x00000000d5880000,0x00000000d58d0000,0x00000000d5900000)
  to   space 512K, 0% used [0x00000000d5800000,0x00000000d5800000,0x00000000d5880000)
 ParOldGen       total 1004032K, used 295160K [0x0000000080000000, 0x00000000bd480000, 0x00000000d5580000)
  object space 1004032K, 29% used [0x0000000080000000,0x000000009203e210,0x00000000bd480000)
 Metaspace       used 88389K, committed 90112K, reserved 1179648K
  class space    used 9289K, committed 10048K, reserved 1048576K
}
Event: 13290.947 GC heap before
{Heap before GC invocations=1463 (full 4):
 PSYoungGen      total 2560K, used 2368K [0x00000000d5580000, 0x00000000d5900000, 0x0000000100000000)
  eden space 2048K, 100% used [0x00000000d5580000,0x00000000d5780000,0x00000000d5780000)
  from space 512K, 62% used [0x00000000d5880000,0x00000000d58d0000,0x00000000d5900000)
  to   space 512K, 0% used [0x00000000d5800000,0x00000000d5800000,0x00000000d5880000)
 ParOldGen       total 1004032K, used 325880K [0x0000000080000000, 0x00000000bd480000, 0x00000000d5580000)
  object space 1004032K, 32% used [0x0000000080000000,0x0000000093e3e240,0x00000000bd480000)
 Metaspace       used 88407K, committed 90112K, reserved 1179648K
  class space    used 9289K, committed 10048K, reserved 1048576K
}
Event: 13290.948 GC heap after
{Heap after GC invocations=1463 (full 4):
 PSYoungGen      total 2560K, used 368K [0x00000000d5580000, 0x00000000d5900000, 0x0000000100000000)
  eden space 2048K, 0% used [0x00000000d5580000,0x00000000d5580000,0x00000000d5780000)
  from space 512K, 71% used [0x00000000d5800000,0x00000000d585c010,0x00000000d5880000)
  to   space 512K, 0% used [0x00000000d5880000,0x00000000d5880000,0x00000000d5900000)
 ParOldGen       total 1004032K, used 325984K [0x0000000080000000, 0x00000000bd480000, 0x00000000d5580000)
  object space 1004032K, 32% used [0x0000000080000000,0x0000000093e58240,0x00000000bd480000)
 Metaspace       used 88407K, committed 90112K, reserved 1179648K
  class space    used 9289K, committed 10048K, reserved 1048576K
}
Event: 13590.709 GC heap before
{Heap before GC invocations=1464 (full 4):
 PSYoungGen      total 2560K, used 2416K [0x00000000d5580000, 0x00000000d5900000, 0x0000000100000000)
  eden space 2048K, 100% used [0x00000000d5580000,0x00000000d5780000,0x00000000d5780000)
  from space 512K, 71% used [0x00000000d5800000,0x00000000d585c010,0x00000000d5880000)
  to   space 512K, 0% used [0x00000000d5880000,0x00000000d5880000,0x00000000d5900000)
 ParOldGen       total 1004032K, used 325984K [0x0000000080000000, 0x00000000bd480000, 0x00000000d5580000)
  object space 1004032K, 32% used [0x0000000080000000,0x0000000093e58240,0x00000000bd480000)
 Metaspace       used 88412K, committed 90176K, reserved 1179648K
  class space    used 9289K, committed 10048K, reserved 1048576K
}
Event: 13590.711 GC heap after
{Heap after GC invocations=1464 (full 4):
 PSYoungGen      total 2560K, used 320K [0x00000000d5580000, 0x00000000d5900000, 0x0000000100000000)
  eden space 2048K, 0% used [0x00000000d5580000,0x00000000d5580000,0x00000000d5780000)
  from space 512K, 62% used [0x00000000d5880000,0x00000000d58d0000,0x00000000d5900000)
  to   space 512K, 0% used [0x00000000d5800000,0x00000000d5800000,0x00000000d5880000)
 ParOldGen       total 1004032K, used 326088K [0x0000000080000000, 0x00000000bd480000, 0x00000000d5580000)
  object space 1004032K, 32% used [0x0000000080000000,0x0000000093e72240,0x00000000bd480000)
 Metaspace       used 88412K, committed 90176K, reserved 1179648K
  class space    used 9289K, committed 10048K, reserved 1048576K
}

